-------------------------------------------------------------------------------
Test set: com.watherforcast.DemoApplicationTests
-------------------------------------------------------------------------------
Tests run: 1, Failures: 0, Errors: 1, Skipped: 0, Time elapsed: 0.512 s <<< FAILURE! - in com.watherforcast.DemoApplicationTests
com.watherforcast.DemoApplicationTests  Time elapsed: 0.51 s  <<< ERROR!
java.lang.IllegalStateException: Unable to find a @SpringBootConfiguration, you need to use @ContextConfiguration or @SpringBootTest(classes=...) with your test

